[26Jun2020 14:19:18.510] [main/INFO] [cpw.mods.modlauncher.Launcher/MODLAUNCHER]: ModLauncher running: args [--gameDir, ., --launchTarget, fmluserdevclient, --fml.mcpVersion, 20200515.085601, --fml.mcVersion, 1.15.2, --fml.forgeGroup, net.minecraftforge, --fml.forgeVersion, 31.2.27, --version, MOD_DEV, --assetIndex, 1.15, --assetsDir, C:\Users\willi\.gradle\caches\forge_gradle\assets, --username, Dev, --accessToken, ????????, --userProperties, {}]
[26Jun2020 14:19:18.523] [main/INFO] [cpw.mods.modlauncher.Launcher/MODLAUNCHER]: ModLauncher 5.1.0+69+master.79f13f7 starting: java version 14.0.1 by AdoptOpenJDK
[26Jun2020 14:19:19.608] [main/INFO] [net.minecraftforge.fml.loading.FixSSL/CORE]: Added Lets Encrypt root certificates as additional trust
[26Jun2020 14:19:21.751] [main/INFO] [STDERR/]: [java.lang.ThreadGroup:uncaughtException:1048]: java.lang.RuntimeException: java.net.MalformedURLException: no protocol: github.com/MinecraftForge/MinecraftForge/issues
[26Jun2020 14:19:21.752] [main/INFO] [STDERR/]: [java.lang.ThreadGroup:uncaughtException:1048]: 	at net.minecraftforge.fml.loading.StringUtils.toURL(StringUtils.java:51)
[26Jun2020 14:19:21.753] [main/INFO] [STDERR/]: [java.lang.ThreadGroup:uncaughtException:1048]: 	at java.base/java.util.Optional.map(Optional.java:258)
[26Jun2020 14:19:21.754] [main/INFO] [STDERR/]: [java.lang.ThreadGroup:uncaughtException:1048]: 	at net.minecraftforge.fml.loading.moddiscovery.ModFileInfo.<init>(ModFileInfo.java:68)
[26Jun2020 14:19:21.754] [main/INFO] [STDERR/]: [java.lang.ThreadGroup:uncaughtException:1048]: 	at net.minecraftforge.fml.loading.moddiscovery.ModFileParser.modsTomlParser(ModFileParser.java:62)
[26Jun2020 14:19:21.755] [main/INFO] [STDERR/]: [java.lang.ThreadGroup:uncaughtException:1048]: 	at net.minecraftforge.fml.loading.moddiscovery.ModFileParser.readModList(ModFileParser.java:46)
[26Jun2020 14:19:21.755] [main/INFO] [STDERR/]: [java.lang.ThreadGroup:uncaughtException:1048]: 	at net.minecraftforge.fml.loading.moddiscovery.ModFile.identifyMods(ModFile.java:114)
[26Jun2020 14:19:21.756] [main/INFO] [STDERR/]: [java.lang.ThreadGroup:uncaughtException:1048]: 	at net.minecraftforge.fml.loading.moddiscovery.ModDiscoverer.discoverMods(ModDiscoverer.java:116)
[26Jun2020 14:19:21.756] [main/INFO] [STDERR/]: [java.lang.ThreadGroup:uncaughtException:1048]: 	at net.minecraftforge.fml.loading.FMLLoader.beginModScan(FMLLoader.java:213)
[26Jun2020 14:19:21.757] [main/INFO] [STDERR/]: [java.lang.ThreadGroup:uncaughtException:1048]: 	at net.minecraftforge.fml.loading.FMLServiceProvider.runScan(FMLServiceProvider.java:107)
[26Jun2020 14:19:21.757] [main/INFO] [STDERR/]: [java.lang.ThreadGroup:uncaughtException:1048]: 	at cpw.mods.modlauncher.TransformationServiceDecorator.runScan(TransformationServiceDecorator.java:111)
[26Jun2020 14:19:21.758] [main/INFO] [STDERR/]: [java.lang.ThreadGroup:uncaughtException:1048]: 	at cpw.mods.modlauncher.TransformationServicesHandler.lambda$runScanningTransformationServices$8(TransformationServicesHandler.java:115)
[26Jun2020 14:19:21.759] [main/INFO] [STDERR/]: [java.lang.ThreadGroup:uncaughtException:1048]: 	at java.base/java.util.stream.ReferencePipeline$7$1.accept(ReferencePipeline.java:271)
[26Jun2020 14:19:21.759] [main/INFO] [STDERR/]: [java.lang.ThreadGroup:uncaughtException:1048]: 	at java.base/java.util.HashMap$ValueSpliterator.forEachRemaining(HashMap.java:1766)
[26Jun2020 14:19:21.760] [main/INFO] [STDERR/]: [java.lang.ThreadGroup:uncaughtException:1048]: 	at java.base/java.util.stream.AbstractPipeline.copyInto(AbstractPipeline.java:484)
[26Jun2020 14:19:21.760] [main/INFO] [STDERR/]: [java.lang.ThreadGroup:uncaughtException:1048]: 	at java.base/java.util.stream.AbstractPipeline.wrapAndCopyInto(AbstractPipeline.java:474)
[26Jun2020 14:19:21.761] [main/INFO] [STDERR/]: [java.lang.ThreadGroup:uncaughtException:1048]: 	at java.base/java.util.stream.ReduceOps$ReduceOp.evaluateSequential(ReduceOps.java:913)
[26Jun2020 14:19:21.761] [main/INFO] [STDERR/]: [java.lang.ThreadGroup:uncaughtException:1048]: 	at java.base/java.util.stream.AbstractPipeline.evaluate(AbstractPipeline.java:234)
[26Jun2020 14:19:21.762] [main/INFO] [STDERR/]: [java.lang.ThreadGroup:uncaughtException:1048]: 	at java.base/java.util.stream.ReferencePipeline.collect(ReferencePipeline.java:578)
[26Jun2020 14:19:21.763] [main/INFO] [STDERR/]: [java.lang.ThreadGroup:uncaughtException:1048]: 	at cpw.mods.modlauncher.TransformationServicesHandler.runScanningTransformationServices(TransformationServicesHandler.java:116)
[26Jun2020 14:19:21.763] [main/INFO] [STDERR/]: [java.lang.ThreadGroup:uncaughtException:1048]: 	at cpw.mods.modlauncher.TransformationServicesHandler.initializeTransformationServices(TransformationServicesHandler.java:63)
[26Jun2020 14:19:21.764] [main/INFO] [STDERR/]: [java.lang.ThreadGroup:uncaughtException:1048]: 	at cpw.mods.modlauncher.Launcher.run(Launcher.java:75)
[26Jun2020 14:19:21.764] [main/INFO] [STDERR/]: [java.lang.ThreadGroup:uncaughtException:1048]: 	at cpw.mods.modlauncher.Launcher.main(Launcher.java:65)
[26Jun2020 14:19:21.764] [main/INFO] [STDERR/]: [java.lang.ThreadGroup:uncaughtException:1048]: 	at net.minecraftforge.userdev.LaunchTesting.main(LaunchTesting.java:105)
[26Jun2020 14:19:21.765] [main/INFO] [STDERR/]: [java.lang.ThreadGroup:uncaughtException:1057]: Caused by: java.net.MalformedURLException: no protocol: github.com/MinecraftForge/MinecraftForge/issues
[26Jun2020 14:19:21.766] [main/INFO] [STDERR/]: [java.lang.ThreadGroup:uncaughtException:1057]: 	at java.base/java.net.URL.<init>(URL.java:672)
[26Jun2020 14:19:21.766] [main/INFO] [STDERR/]: [java.lang.ThreadGroup:uncaughtException:1057]: 	at java.base/java.net.URL.<init>(URL.java:568)
[26Jun2020 14:19:21.767] [main/INFO] [STDERR/]: [java.lang.ThreadGroup:uncaughtException:1057]: 	at java.base/java.net.URL.<init>(URL.java:515)
[26Jun2020 14:19:21.767] [main/INFO] [STDERR/]: [java.lang.ThreadGroup:uncaughtException:1057]: 	at net.minecraftforge.fml.loading.StringUtils.toURL(StringUtils.java:47)
[26Jun2020 14:19:21.768] [main/INFO] [STDERR/]: [java.lang.ThreadGroup:uncaughtException:1057]: 	... 22 more
